<?xml version="1.0" encoding="UTF-8"?>
<beans xmlns="http://www.springframework.org/schema/beans"
	xmlns:context="http://www.springframework.org/schema/context"
	xmlns:xsi="http://www.w3.org/2001/XMLSchema-instance"
	xmlns:tx="http://www.springframework.org/schema/tx"
	xsi:schemaLocation="http://www.springframework.org/schema/beans http://www.springframework.org/schema/beans/spring-beans-3.0.xsd
	http://www.springframework.org/schema/tx http://www.springframework.org/schema/tx/spring-tx-3.0.xsd
    http://www.springframework.org/schema/context http://www.springframework.org/schema/context/spring-context-3.0.xsd">

    <bean id="coherenceCF" class="com.tangosol.coherence.transaction.DefaultConnectionFactory">
        <constructor-arg value="cache-config.xml"/>
    </bean>
    
    <bean id="environment" class="org.drools.alternative.persistence.utils.EnvironmentUtils" factory-method="createEnvironment">
	  <constructor-arg ref="cacheTxManager"/>
	  <constructor-arg ref="coherenceCF" />
    </bean>  
    
	
	<bean id="cacheTxManager" class="org.springframework.transaction.coherence.CoherenceLocalTransactionManager">
	    <constructor-arg ref="coherenceCF"/>
	</bean>
	
	<bean class="org.springframework.transaction.coherence.ConnectionFactoryUtils" factory-method="doGetConnection" scope="prototype">
	    <constructor-arg ref="coherenceCF" />
	</bean>
	
	<tx:annotation-driven transaction-manager="cacheTxManager"/>
	
	<context:annotation-config />
	
	<context:component-scan base-package="test"/>

</beans>
